# JRE version: OpenJDK Runtime Environment (21.0.10) (build 21.0.10+-14961533-b1163.108)
# Java VM: OpenJDK 64-Bit Server VM (21.0.10+-14961533-b1163.108, mixed mode, tiered, compressed oops, compressed class ptrs, g1 gc, windows-amd64)
GC Precious Log:
 CardTable entry size: 512
 Card Set container configuration: InlinePtr #cards 5 size 8 Array Of Cards #cards 12 size 40 Howl #buckets 4 coarsen threshold 1843 Howl Bitmap #cards 512 size 80 coarsen threshold 460 Card regions per heap region 1 cards per card region 2048
 CPUs: 8 total, 8 available
 Memory: 7934M
 Large Page Support: Disabled
 NUMA Support: Disabled
 Compressed Oops: Enabled (32-bit)
 Heap Region Size: 1M
 Heap Min Capacity: 8M
 Heap Initial Capacity: 124M
 Heap Max Capacity: 2G
 Pre-touch: Disabled
 Parallel Workers: 8
 Concurrent Workers: 2
 Concurrent Refinement Workers: 8
 Periodic GC: Disabled
Heap:
 garbage-first heap   total 71680K, used 45051K [0x0000000080000000, 0x0000000100000000)
  region size 1024K, 18 young (18432K), 5 survivors (5120K)
 Metaspace       used 50180K, committed 51584K, reserved 1114112K
  class space    used 6914K, committed 7616K, reserved 1048576K
GC Heap History (18 events):
Event: 4.331 GC heap before
{Heap before GC invocations=0 (full 0):
 garbage-first heap   total 126976K, used 26624K [0x0000000080000000, 0x0000000100000000)
  region size 1024K, 23 young (23552K), 0 survivors (0K)
 Metaspace       used 9463K, committed 9600K, reserved 1114112K
  class space    used 906K, committed 960K, reserved 1048576K
}
Event: 4.355 GC heap after
{Heap after GC invocations=1 (full 0):
 garbage-first heap   total 126976K, used 10752K [0x0000000080000000, 0x0000000100000000)
  region size 1024K, 3 young (3072K), 3 survivors (3072K)
 Metaspace       used 9463K, committed 9600K, reserved 1114112K
  class space    used 906K, committed 960K, reserved 1048576K
}
Event: 6.003 GC heap before
{Heap before GC invocations=1 (full 0):
 garbage-first heap   total 126976K, used 38400K [0x0000000080000000, 0x0000000100000000)
  region size 1024K, 30 young (30720K), 3 survivors (3072K)
 Metaspace       used 12851K, committed 13056K, reserved 1114112K
  class space    used 1406K, committed 1472K, reserved 1048576K
}
Event: 6.011 GC heap after
{Heap after GC invocations=2 (full 0):
 garbage-first heap   total 126976K, used 12820K [0x0000000080000000, 0x0000000100000000)
  region size 1024K, 2 young (2048K), 2 survivors (2048K)
 Metaspace       used 12851K, committed 13056K, reserved 1114112K
  class space    used 1406K, committed 1472K, reserved 1048576K
}
Event: 10.123 GC heap before
{Heap before GC invocations=2 (full 0):
 garbage-first heap   total 126976K, used 73236K [0x0000000080000000, 0x0000000100000000)
  region size 1024K, 60 young (61440K), 2 survivors (2048K)
 Metaspace       used 21184K, committed 21504K, reserved 1114112K
  class space    used 2487K, committed 2688K, reserved 1048576K
}
Event: 10.132 GC heap after
{Heap after GC invocations=3 (full 0):
 garbage-first heap   total 126976K, used 21227K [0x0000000080000000, 0x0000000100000000)
  region size 1024K, 9 young (9216K), 9 survivors (9216K)
 Metaspace       used 21184K, committed 21504K, reserved 1114112K
  class space    used 2487K, committed 2688K, reserved 1048576K
}
Event: 12.427 GC heap before
{Heap before GC invocations=4 (full 0):
 garbage-first heap   total 71680K, used 55019K [0x0000000080000000, 0x0000000100000000)
  region size 1024K, 42 young (43008K), 9 survivors (9216K)
 Metaspace       used 27427K, committed 27904K, reserved 1114112K
  class space    used 3439K, committed 3648K, reserved 1048576K
}
Event: 12.439 GC heap after
{Heap after GC invocations=5 (full 0):
 garbage-first heap   total 71680K, used 23318K [0x0000000080000000, 0x0000000100000000)
  region size 1024K, 2 young (2048K), 2 survivors (2048K)
 Metaspace       used 27427K, committed 27904K, reserved 1114112K
  class space    used 3439K, committed 3648K, reserved 1048576K
}
Event: 15.748 GC heap before
{Heap before GC invocations=5 (full 0):
 garbage-first heap   total 71680K, used 57110K [0x0000000080000000, 0x0000000100000000)
  region size 1024K, 36 young (36864K), 2 survivors (2048K)
 Metaspace       used 32243K, committed 32896K, reserved 1114112K
  class space    used 4262K, committed 4544K, reserved 1048576K
}
Event: 15.753 GC heap after
{Heap after GC invocations=6 (full 0):
 garbage-first heap   total 71680K, used 25426K [0x0000000080000000, 0x0000000100000000)
  region size 1024K, 5 young (5120K), 5 survivors (5120K)
 Metaspace       used 32243K, committed 32896K, reserved 1114112K
  class space    used 4262K, committed 4544K, reserved 1048576K
}
Event: 16.915 GC heap before
{Heap before GC invocations=6 (full 0):
 garbage-first heap   total 71680K, used 44882K [0x0000000080000000, 0x0000000100000000)
  region size 1024K, 25 young (25600K), 5 survivors (5120K)
 Metaspace       used 35226K, committed 35968K, reserved 1114112K
  class space    used 4744K, committed 5120K, reserved 1048576K
}
Event: 16.919 GC heap after
{Heap after GC invocations=7 (full 0):
 garbage-first heap   total 71680K, used 26840K [0x0000000080000000, 0x0000000100000000)
  region size 1024K, 4 young (4096K), 4 survivors (4096K)
 Metaspace       used 35226K, committed 35968K, reserved 1114112K
  class space    used 4744K, committed 5120K, reserved 1048576K
}
Event: 18.384 GC heap before
{Heap before GC invocations=8 (full 0):
 garbage-first heap   total 71680K, used 59608K [0x0000000080000000, 0x0000000100000000)
  region size 1024K, 36 young (36864K), 4 survivors (4096K)
 Metaspace       used 39903K, committed 40896K, reserved 1114112K
  class space    used 5549K, committed 6016K, reserved 1048576K
}
Event: 18.388 GC heap after
{Heap after GC invocations=9 (full 0):
 garbage-first heap   total 71680K, used 28509K [0x0000000080000000, 0x0000000100000000)
  region size 1024K, 4 young (4096K), 4 survivors (4096K)
 Metaspace       used 39903K, committed 40896K, reserved 1114112K
  class space    used 5549K, committed 6016K, reserved 1048576K
}
Event: 20.290 GC heap before
{Heap before GC invocations=9 (full 0):
 garbage-first heap   total 71680K, used 60253K [0x0000000080000000, 0x0000000100000000)
  region size 1024K, 36 young (36864K), 4 survivors (4096K)
 Metaspace       used 45100K, committed 46336K, reserved 1114112K
  class space    used 6222K, committed 6848K, reserved 1048576K
}
Event: 20.296 GC heap after
{Heap after GC invocations=10 (full 0):
 garbage-first heap   total 71680K, used 30716K [0x0000000080000000, 0x0000000100000000)
  region size 1024K, 5 young (5120K), 5 survivors (5120K)
 Metaspace       used 45100K, committed 46336K, reserved 1114112K
  class space    used 6222K, committed 6848K, reserved 1048576K
}
Event: 21.092 GC heap before
{Heap before GC invocations=10 (full 0):
 garbage-first heap   total 71680K, used 63484K [0x0000000080000000, 0x0000000100000000)
  region size 1024K, 35 young (35840K), 5 survivors (5120K)
 Metaspace       used 48506K, committed 49856K, reserved 1114112K
  class space    used 6628K, committed 7296K, reserved 1048576K
}
Event: 21.099 GC heap after
{Heap after GC invocations=11 (full 0):
 garbage-first heap   total 71680K, used 32763K [0x0000000080000000, 0x0000000100000000)
  region size 1024K, 5 young (5120K), 5 survivors (5120K)
 Metaspace       used 48506K, committed 49856K, reserved 1114112K
  class space    used 6628K, committed 7296K, reserved 1048576K
}

